2025-05-11 01:51:22,246 - slais_app - INFO - SLAIS 应用程序启动 - 日志文件: logs\slais_20250511_015122.log
2025-05-11 01:51:23,411 - slais_app - INFO - [S2] 成功获取DOI 10.1126/science.aao4593 的信息 (PaperID: 7fdd3e56f266c3532ada0d01ba0dba9b7cb61de1)。
2025-05-11 01:51:23,412 - slais_app - INFO - 正在通过 PMID: 29170277 获取 PubMed 文章详情 (使用邮箱: your@gmail.com)
2025-05-11 01:51:25,162 - slais_app - INFO - 成功获取并解析 PMID: 29170277 的文章信息
2025-05-11 01:51:25,165 - slais_app - INFO - 开始为 PMID: 29170277 查找最近 10 年内的相关文章 (使用邮箱: your@gmail.com)
2025-05-11 01:51:25,166 - slais_app - INFO - 步骤 1: 正在为 PMID 29170277 查找相关文章 (elink + history)
2025-05-11 01:51:31,200 - slais_app - INFO - 找到相关文章的历史记录 (elink): WebEnv=MCID_681f92228a466b1a8408fb61, QueryKey=1
2025-05-11 01:51:31,200 - slais_app - INFO - 步骤 2: 使用 esearch 过滤相关文章 (最近 10 年)
2025-05-11 01:51:37,012 - slais_app - INFO - 在最近 10 年内找到 79 篇相关文章。过滤后的历史记录: WebEnv=MCID_681f92228a466b1a8408fb61, QueryKey=2
2025-05-11 01:51:37,012 - slais_app - INFO - 将分 1 批次获取 79 篇相关文章的详细信息 (每批最多 200 篇)。
2025-05-11 01:51:37,578 - slais_app - INFO - 正在获取批次 1/1 (PMID 索引 1 到 79)...
2025-05-11 01:51:45,106 - slais_app - INFO - 正在解析批次 1 中获取到的 79 篇文章的详细信息。
2025-05-11 01:51:45,110 - slais_app - INFO - 成功检索并解析了 79/79 篇相关文章的详细信息。
2025-05-11 01:51:45,728 - slais_app - INFO - [S2] PaperID 7fdd3e56f266c3532ada0d01ba0dba9b7cb61de1: 成功获取 34 条参考文献DOI (来自第一页)。
2025-05-11 01:51:46,336 - slais_app - INFO - [S2 Batch] 成功处理 34 个DOI的批量请求，获取到 34 条有效记录。
2025-05-11 01:51:46,341 - slais_app - INFO - 开始转换PDF文件：darwin.pdf
2025-05-11 01:51:46,343 - slais_app - INFO - 输出目录已准备好：output\darwin
2025-05-11 01:51:46,343 - slais_app - INFO - PDF内容已读取
2025-05-11 01:51:48,250 - slais_app - INFO - 使用文本模式处理PDF
2025-05-11 01:52:13,160 - slais_app - INFO - PDF处理完成
2025-05-11 01:52:13,632 - slais_app - INFO - 模型结果已绘制
2025-05-11 01:52:13,948 - slais_app - INFO - 布局结果已绘制
2025-05-11 01:52:16,743 - slais_app - INFO - 跨度结果已绘制
2025-05-11 01:52:16,773 - slais_app - INFO - 内容列表分析: 共 37 个内容块
2025-05-11 01:52:16,773 - slais_app - INFO - 找到 3 个图像块
2025-05-11 01:52:16,774 - slais_app - INFO - 开始重命名图片并更新Markdown内容中的图片链接...
2025-05-11 01:52:16,774 - slais_app - INFO - 在图像目录 'output\darwin\images' 中找到 3 个图像文件
2025-05-11 01:52:16,775 - slais_app - INFO - 图片已重命名: '68c07b0f9a7992acd49d5ce1bac09af921781cb69898df61fc191c2120da4d6b.jpg' -> 'image_000.jpg'
2025-05-11 01:52:16,775 - slais_app - INFO - Markdown中的图片链接已更新: 'images/68c07b0f9a7992acd49d5ce1bac09af921781cb69898df61fc191c2120da4d6b.jpg' -> 'images/image_000.jpg'
2025-05-11 01:52:16,776 - slais_app - INFO - 图片已重命名: '8f8884210c0b46b7db1b53e6603fd97f88ba11e094d0f32a5182e9e228559e87.jpg' -> 'image_001.jpg'
2025-05-11 01:52:16,776 - slais_app - INFO - Markdown中的图片链接已更新: 'images/8f8884210c0b46b7db1b53e6603fd97f88ba11e094d0f32a5182e9e228559e87.jpg' -> 'images/image_001.jpg'
2025-05-11 01:52:16,777 - slais_app - INFO - 图片已重命名: 'd7df5ad620ff7ff5eada0bb492b5ace6ba85c4917241fa038d7ac2e2a2fa1a48.jpg' -> 'image_002.jpg'
2025-05-11 01:52:16,777 - slais_app - INFO - Markdown中的图片链接已更新: 'images/d7df5ad620ff7ff5eada0bb492b5ace6ba85c4917241fa038d7ac2e2a2fa1a48.jpg' -> 'images/image_002.jpg'
2025-05-11 01:52:16,777 - slais_app - INFO - 图片重命名和Markdown链接更新完成。共处理 3 张图片。
2025-05-11 01:52:16,778 - slais_app - INFO - 更新后的Markdown文件已保存：output\darwin\darwin.md
2025-05-11 01:52:16,810 - slais_app - INFO - 内容列表已保存
2025-05-11 01:52:16,898 - slais_app - INFO - 中间JSON文件已保存
